INFO: [VRFC 10-2263] Analyzing Verilog file "/home/ericsam413/Desktop/dev1/thinpad_top.srcs/sources_1/new/ALU.v" into library xil_defaultlib
INFO: [VRFC 10-311] analyzing module ALU
INFO: [VRFC 10-2263] Analyzing Verilog file "/home/ericsam413/Desktop/dev1/thinpad_top.srcs/sources_1/new/ALUControl.v" into library xil_defaultlib
INFO: [VRFC 10-311] analyzing module ALUControl
INFO: [VRFC 10-2263] Analyzing Verilog file "/home/ericsam413/Desktop/dev1/thinpad_top.srcs/sources_1/new/Control.v" into library xil_defaultlib
INFO: [VRFC 10-311] analyzing module Control
INFO: [VRFC 10-2263] Analyzing Verilog file "/home/ericsam413/Desktop/dev1/thinpad_top.srcs/sources_1/new/EX_MEM.v" into library xil_defaultlib
INFO: [VRFC 10-311] analyzing module EX_MEM
INFO: [VRFC 10-2263] Analyzing Verilog file "/home/ericsam413/Desktop/dev1/thinpad_top.srcs/sources_1/new/ID_EX.v" into library xil_defaultlib
INFO: [VRFC 10-311] analyzing module ID_EX
INFO: [VRFC 10-2263] Analyzing Verilog file "/home/ericsam413/Desktop/dev1/thinpad_top.srcs/sources_1/new/IF_ID.v" into library xil_defaultlib
INFO: [VRFC 10-311] analyzing module IF_ID
INFO: [VRFC 10-2263] Analyzing Verilog file "/home/ericsam413/Desktop/dev1/thinpad_top.srcs/sources_1/new/MEM_WB.v" into library xil_defaultlib
INFO: [VRFC 10-311] analyzing module MEM_WB
INFO: [VRFC 10-2263] Analyzing Verilog file "/home/ericsam413/Desktop/dev1/thinpad_top.srcs/sources_1/new/RegisterFile.v" into library xil_defaultlib
INFO: [VRFC 10-311] analyzing module RegisterFile
INFO: [VRFC 10-2263] Analyzing Verilog file "/home/ericsam413/Desktop/dev1/thinpad_top.srcs/sources_1/new/SEG7_LUT.v" into library xil_defaultlib
INFO: [VRFC 10-311] analyzing module SEG7_LUT
INFO: [VRFC 10-2263] Analyzing Verilog file "/home/ericsam413/Desktop/dev1/thinpad_top.srcs/sim_1/new/clock.v" into library xil_defaultlib
INFO: [VRFC 10-311] analyzing module clock
WARNING: [VRFC 10-3676] redeclaration of ansi port 'clk_50M' is not allowed [/home/ericsam413/Desktop/dev1/thinpad_top.srcs/sim_1/new/clock.v:8]
INFO: [VRFC 10-2263] Analyzing Verilog file "/home/ericsam413/Desktop/dev1/thinpad_top.srcs/sim_1/new/cpld_model.v" into library xil_defaultlib
INFO: [VRFC 10-311] analyzing module cpld_model
INFO: [VRFC 10-2263] Analyzing Verilog file "/home/ericsam413/Desktop/dev1/thinpad_top.srcs/sim_1/new/flag_sync_cpld.v" into library xil_defaultlib
INFO: [VRFC 10-311] analyzing module flag_sync_cpld
INFO: [VRFC 10-2263] Analyzing Verilog file "/home/ericsam413/Desktop/dev1/thinpad_top.srcs/sources_1/new/ram.v" into library xil_defaultlib
INFO: [VRFC 10-311] analyzing module ram
INFO: [VRFC 10-2263] Analyzing Verilog file "/home/ericsam413/Desktop/dev1/thinpad_top.srcs/sim_1/new/sram_model.v" into library xil_defaultlib
INFO: [VRFC 10-311] analyzing module sram_model
INFO: [VRFC 10-2263] Analyzing Verilog file "/home/ericsam413/Desktop/dev1/thinpad_top.srcs/sources_1/new/thinpad_top.v" into library xil_defaultlib
INFO: [VRFC 10-311] analyzing module thinpad_top
INFO: [VRFC 10-2263] Analyzing SystemVerilog file "/home/ericsam413/Desktop/dev1/thinpad_top.srcs/sim_1/new/tb.sv" into library xil_defaultlib
INFO: [VRFC 10-311] analyzing module tb
